Sun Apr 21 12:35:09 CST 2013  [debug] AvalonLogSystem initialized using logfile 'velocity.log'
Sun Apr 21 12:35:09 CST 2013   [info] ************************************************************** 
Sun Apr 21 12:35:09 CST 2013   [info] Starting Jakarta Velocity v1.4
Sun Apr 21 12:35:09 CST 2013   [info] RuntimeInstance initializing.
Sun Apr 21 12:35:09 CST 2013   [info] Default Properties File: org\apache\velocity\runtime\defaults\velocity.properties
Sun Apr 21 12:35:09 CST 2013   [info] Trying to use logger class org.apache.velocity.runtime.log.AvalonLogSystem
Sun Apr 21 12:35:09 CST 2013   [info] Using logger class org.apache.velocity.runtime.log.AvalonLogSystem
Sun Apr 21 12:35:09 CST 2013   [info] Default ResourceManager initializing. (class org.apache.velocity.runtime.resource.ResourceManagerImpl)
Sun Apr 21 12:35:09 CST 2013   [info] Resource Loader Instantiated: org.apache.velocity.runtime.resource.loader.ClasspathResourceLoader
Sun Apr 21 12:35:09 CST 2013   [info] ClasspathResourceLoader : initialization starting.
Sun Apr 21 12:35:09 CST 2013   [info] ClasspathResourceLoader : initialization complete.
Sun Apr 21 12:35:09 CST 2013   [info] ResourceCache : initialized. (class org.apache.velocity.runtime.resource.ResourceCacheImpl)
Sun Apr 21 12:35:09 CST 2013   [info] Default ResourceManager initialization complete.
Sun Apr 21 12:35:09 CST 2013   [info] Loaded System Directive: org.apache.velocity.runtime.directive.Literal
Sun Apr 21 12:35:09 CST 2013   [info] Loaded System Directive: org.apache.velocity.runtime.directive.Macro
Sun Apr 21 12:35:09 CST 2013   [info] Loaded System Directive: org.apache.velocity.runtime.directive.Parse
Sun Apr 21 12:35:09 CST 2013   [info] Loaded System Directive: org.apache.velocity.runtime.directive.Include
Sun Apr 21 12:35:09 CST 2013   [info] Loaded System Directive: org.apache.velocity.runtime.directive.Foreach
Sun Apr 21 12:35:09 CST 2013   [info] Created: 20 parsers.
Sun Apr 21 12:35:09 CST 2013   [info] Velocimacro : initialization starting.
Sun Apr 21 12:35:09 CST 2013   [info] Velocimacro : adding VMs from VM library template : VM_global_library.vm
Sun Apr 21 12:35:09 CST 2013  [error] ResourceManager : unable to find resource 'VM_global_library.vm' in any resource loader.
Sun Apr 21 12:35:09 CST 2013   [info] Velocimacro : error using  VM library template VM_global_library.vm : org.apache.velocity.exception.ResourceNotFoundException: Unable to find resource 'VM_global_library.vm'
Sun Apr 21 12:35:09 CST 2013   [info] Velocimacro :  VM library template macro registration complete.
Sun Apr 21 12:35:09 CST 2013   [info] Velocimacro : allowInline = true : VMs can be defined inline in templates
Sun Apr 21 12:35:09 CST 2013   [info] Velocimacro : allowInlineToOverride = false : VMs defined inline may NOT replace previous VM definitions
Sun Apr 21 12:35:09 CST 2013   [info] Velocimacro : allowInlineLocal = false : VMs defined inline will be  global in scope if allowed.
Sun Apr 21 12:35:09 CST 2013   [info] Velocimacro : messages on  : VM system will output logging messages
Sun Apr 21 12:35:09 CST 2013   [info] Velocimacro : autoload off  : VM system will not automatically reload global library macros
Sun Apr 21 12:35:09 CST 2013   [info] Velocimacro : initialization complete.
Sun Apr 21 12:35:09 CST 2013   [info] Velocity successfully started.
